HowbuyFund/proguard/seeds.txt
u.aly.G: u.aly.G a
u.aly.G: u.aly.G b
u.aly.G: u.aly.G c
u.aly.G: u.aly.G d
u.aly.G: int e
u.aly.G: u.aly.G[] f
u.aly.G: void <clinit>()
u.aly.G: G(java.lang.String,int,int)
u.aly.G: int a()
u.aly.G: u.aly.G a(int)
u.aly.G: u.aly.G[] values()
u.aly.G: u.aly.G valueOf(java.lang.String)
u.aly.H: u.aly.bd c
u.aly.H: u.aly.aT d
u.aly.H: java.util.Map e
u.aly.H: long a
u.aly.H: int f
u.aly.H: byte g
u.aly.H: java.util.Map b
u.aly.H: void <clinit>()
u.aly.H: H()
u.aly.H: H(long)
u.aly.H: H(u.aly.H)
u.aly.H: u.aly.H a()
u.aly.H: void b()
u.aly.H: long c()
u.aly.H: u.aly.H a(long)
u.aly.H: void d()
u.aly.H: boolean e()
u.aly.H: void a(boolean)
u.aly.H: u.aly.H$e a(int)
u.aly.H: void a(u.aly.aY)
u.aly.H: void b(u.aly.aY)
u.aly.H: java.lang.String toString()
u.aly.H: void f()
u.aly.H: void a(java.io.ObjectOutputStream)
u.aly.H: void a(java.io.ObjectInputStream)
u.aly.H: u.aly.aG b(int)
u.aly.H: u.aly.az g()
u.aly.H: u.aly.bd h()
u.aly.H: u.aly.aT i()
u.aly.H$e: u.aly.H$e a
u.aly.H$e: java.util.Map b
u.aly.H$e: short c
u.aly.H$e: java.lang.String d
u.aly.H$e: u.aly.H$e[] e
u.aly.H$e: void <clinit>()
u.aly.H$e: u.aly.H$e a(int)
u.aly.H$e: u.aly.H$e b(int)
u.aly.H$e: u.aly.H$e a(java.lang.String)
u.aly.H$e: H$e(java.lang.String,int,short,java.lang.String)
u.aly.H$e: short a()
u.aly.H$e: java.lang.String b()
u.aly.H$e: u.aly.H$e[] values()
u.aly.H$e: u.aly.H$e valueOf(java.lang.String)
u.aly.I: u.aly.bd l
u.aly.I: u.aly.aT m
u.aly.I: u.aly.aT n
u.aly.I: u.aly.aT o
u.aly.I: u.aly.aT p
u.aly.I: u.aly.aT q
u.aly.I: u.aly.aT r
u.aly.I: u.aly.aT s
u.aly.I: u.aly.aT t
u.aly.I: u.aly.aT u
u.aly.I: u.aly.aT v
u.aly.I: java.util.Map w
u.aly.I: java.lang.String a
u.aly.I: java.lang.String b
u.aly.I: int c
u.aly.I: java.lang.String d
u.aly.I: u.aly.ac e
u.aly.I: java.lang.String f
u.aly.I: java.lang.String g
u.aly.I: java.lang.String h
u.aly.I: java.lang.String i
u.aly.I: int j
u.aly.I: int x
u.aly.I: int y
u.aly.I: byte z
u.aly.I: u.aly.I$e[] A
u.aly.I: java.util.Map k
u.aly.I: void <clinit>()
u.aly.I: I()
u.aly.I: I(java.lang.String,u.aly.ac,java.lang.String,java.lang.String)
u.aly.I: I(u.aly.I)
u.aly.I: u.aly.I a()
u.aly.I: void b()
u.aly.I: java.lang.String c()
u.aly.I: u.aly.I a(java.lang.String)
u.aly.I: void d()
u.aly.I: boolean e()
u.aly.I: void a(boolean)
u.aly.I: java.lang.String f()
u.aly.I: u.aly.I b(java.lang.String)
u.aly.I: void h()
u.aly.I: boolean i()
u.aly.I: void b(boolean)
u.aly.I: int j()
u.aly.I: u.aly.I a(int)
u.aly.I: void k()
u.aly.I: boolean l()
u.aly.I: void c(boolean)
u.aly.I: java.lang.String m()
u.aly.I: u.aly.I c(java.lang.String)
u.aly.I: void n()
u.aly.I: boolean o()
u.aly.I: void d(boolean)
u.aly.I: u.aly.ac p()
u.aly.I: u.aly.I a(u.aly.ac)
u.aly.I: void q()
u.aly.I: boolean r()
u.aly.I: void e(boolean)
u.aly.I: java.lang.String s()
u.aly.I: u.aly.I d(java.lang.String)
u.aly.I: void t()
u.aly.I: boolean u()
u.aly.I: void f(boolean)
u.aly.I$e: u.aly.I$e a
u.aly.I$e: u.aly.I$e b
u.aly.I$e: u.aly.I$e c
u.aly.I$e: u.aly.I$e d
u.aly.I$e: u.aly.I$e e
u.aly.I$e: u.aly.I$e f
u.aly.I$e: u.aly.I$e g
u.aly.I$e: u.aly.I$e h
u.aly.I$e: u.aly.I$e i
u.aly.I$e: u.aly.I$e j
u.aly.I$e: java.util.Map k
u.aly.I$e: short l
u.aly.I$e: java.lang.String m
u.aly.I$e: u.aly.I$e[] n
u.aly.I$e: void <clinit>()
u.aly.I$e: u.aly.I$e a(int)
u.aly.I$e: u.aly.I$e b(int)
u.aly.I$e: u.aly.I$e a(java.lang.String)
u.aly.I$e: I$e(java.lang.String,int,short,java.lang.String)
u.aly.I$e: short a()
u.aly.I$e: java.lang.String b()
u.aly.I$e: u.aly.I$e[] values()
u.aly.I$e: u.aly.I$e valueOf(java.lang.String)