HowbuyFund/proguard/mapping.txt
com.howbuy.curve.CurveFactory -> com.howbuy.curve.i:
    11:16:void sortData(java.util.ArrayList) -> a
    20:21:com.howbuy.curve.Curve getDefCurve(com.howbuy.curve.CurveControl$CtrlOption,android.graphics.RectF,java.util.ArrayList,com.howbuy.curve.ICharType) -> a
    com.howbuy.curve.Curve createCurve(com.howbuy.curve.CurveControl$CtrlOption,android.graphics.RectF,java.util.ArrayList,com.howbuy.curve.ICharType) -> b
com.howbuy.curve.CurveSetting -> com.howbuy.curve.j:
    float MIN_SPACE -> a
    float MAX_SPACE -> b
    java.lang.String mMeasureTxt -> c
    float mDensity -> d
    float mGridSize -> e
    float mCoordSize -> f
    float mCrossSize -> g
    float mCurveSize -> h
    float mCurveTxtSize -> i
    float mClickRaidus -> j
    float mCoordTxtXSize -> k
    float mCoordTxtYSize -> l
    float mCoordTxtWidth -> m
    float mBubbleTxtSize -> n
    float mTextYOffset -> o
    float mHDeep -> W
    float mVDeep -> X
    int mCoordColor -> p
    int mGridColor -> q
    int mCoordTxtYColor -> r
    int mCoordTxtXColor -> s
    int mCrossColor -> t
    int mBubbleYColor -> u
    int mBubbleXColor -> v
    int mBubbleTxtYColor -> w
    int mBubbleTxtXColor -> x
    int mBackYColor -> y
    int mBackXColor -> z
    int mRow -> A
    int mCol -> B
    float mBezierSmooth -> C
    float mCoordUpWeight -> D
    float mCoordBotWeight -> E
    float mInitOffset -> F
    boolean mEnableCoordX -> G
    boolean mEnableCoordY -> H
    boolean mEnableCoordTxtY -> I
    boolean mEnableCoordTxtX -> J
    boolean mEnableGrid -> K
    boolean mEnableBackgroud -> L
    boolean mEnable3D -> M
    boolean mEnableBubble -> N
    boolean mEnableGridDash -> O
    boolean mEnableTxtYInSide -> P
    boolean mEnableCrossHorizonal -> Q
    boolean mEnableAutoCalcuMinMax -> R
    boolean mEnableInitCent -> S
    boolean mEnableInitShowAll -> T
    boolean mEnableInitOffset -> U
com.howbuy.curve.CurveShade -> com.howbuy.curve.k:
    int mColorShapeStart -> q
    int mColorShapeEnd -> r
    34:42:void drawPathShade(android.graphics.Canvas,android.graphics.Paint,float,float) -> b
    45:47:void setShapeColor(int,int) -> b
com.howbuy.curve.CurveView -> com.howbuy.curve.CurveView:
    android.graphics.Rect mRecFrame -> a
    android.graphics.RectF mRecCurve -> b
    android.graphics.Paint mPaint -> c
    com.howbuy.curve.CurveSetting mSetting -> d
    com.howbuy.curve.CurveControl mCurveCtrl -> e
    34:34:com.howbuy.curve.CurveSetting getSetting() -> a
    38:39:void setCurveFactory(com.howbuy.curve.CurveFactory) -> setCurveFactory
    43:50:boolean addCurve(com.howbuy.curve.ICharType,java.util.ArrayList,boolean) -> a
    54:59:boolean setCurve(com.howbuy.curve.ICharType,java.util.ArrayList) -> a
    63:63:boolean addCurve(com.howbuy.curve.ICharType,java.util.ArrayList) -> b
    67:71:boolean removeCurve(com.howbuy.curve.ICharType,boolean) -> a
    75:76:void cleanCurve(boolean,boolean) -> a
    79:83:void setCurveData(java.util.HashMap) -> setCurveData
    86:95:boolean removeCurveData(com.howbuy.curve.ICharType,int) -> a
    99:109:boolean removeCurveData(com.howbuy.curve.ICharType,int,int) -> a
    114:114:boolean addCurveData(com.howbuy.curve.ICharType,java.util.ArrayList,boolean,boolean) -> a
    119:132:boolean addCurveData(com.howbuy.curve.ICharType,java.util.ArrayList,boolean,boolean,boolean) -> a
    137:150:boolean addCurveData(java.util.HashMap,boolean,boolean) -> a
    154:158:boolean setCurveVisible(com.howbuy.curve.ICharType,boolean) -> b
    162:162:java.util.ArrayList getCurveData(com.howbuy.curve.ICharType) -> a
    167:167:android.graphics.Paint getPaint() -> b
com.howbuy.curve.FunCharType -> com.howbuy.curve.l:
    7:7:int getColor(int) -> a
    12:12:int getType() -> a
    17:17:java.lang.String getTag() -> b
    22:22:java.lang.String getName() -> c